0 info it worked if it ends with ok
1 verbose cli [ '/usr/bin/node', '/usr/bin/npm', 'version', 'patch' ]
2 info using npm@3.5.2
3 info using node@v8.10.0
4 error version No valid package.json found
5 verbose stack SyntaxError: Unexpected token } in JSON at position 268
5 verbose stack     at JSON.parse (<anonymous>)
5 verbose stack     at module.exports (/usr/share/npm/lib/utils/parse-json.js:3:15)
5 verbose stack     at /usr/share/npm/lib/version.js:36:14
5 verbose stack     at /usr/share/npm/node_modules/graceful-fs/graceful-fs.js:76:16
5 verbose stack     at FSReqWrap.readFileAfterClose [as oncomplete] (fs.js:511:3)
6 verbose cwd /home/juliana/projetos/laboratoria/sprint-4/chayote-lib
7 error Linux 4.15.0-20-generic
8 error argv "/usr/bin/node" "/usr/bin/npm" "version" "patch"
9 error node v8.10.0
10 error npm  v3.5.2
11 error Unexpected token } in JSON at position 268
12 error If you need help, you may report this error at:
12 error     <https://github.com/npm/npm/issues>
13 verbose exit [ 1, true ]
